<?xml version="1.0" encoding="UTF-8"?>
<testng-results ignored="0" total="2" passed="2" failed="0" skipped="0">
  <reporter-output>
  </reporter-output>
  <suite started-at="2022-07-12T15:39:38 IST" name="HRM Test suite" finished-at="2022-07-12T15:39:56 IST" duration-ms="18547">
    <groups>
    </groups>
    <test started-at="2022-07-12T15:39:38 IST" name="Pending Leave Request Test case" finished-at="2022-07-12T15:39:42 IST" duration-ms="4308">
      <class name="testCases.Test_Pending_Leave_Request">
        <test-method signature="verifyPendingLeaveRequest()[pri:0, instance:testCases.Test_Pending_Leave_Request@d9345cd]" started-at="2022-07-12T15:39:38 IST" name="verifyPendingLeaveRequest" finished-at="2022-07-12T15:39:42 IST" duration-ms="4259" status="PASS">
          <reporter-output>
          </reporter-output>
        </test-method> <!-- verifyPendingLeaveRequest -->
      </class> <!-- testCases.Test_Pending_Leave_Request -->
    </test> <!-- Pending Leave Request Test case -->
    <test started-at="2022-07-12T15:39:42 IST" name="Check user role test case" finished-at="2022-07-12T15:39:56 IST" duration-ms="14199">
      <class name="testCases.Test_User_Role">
        <test-method is-config="true" signature="lanchBrowser()[pri:0, instance:testCases.Test_User_Role@1e6a3214]" started-at="2022-07-12T15:39:31 IST" name="lanchBrowser" finished-at="2022-07-12T15:39:38 IST" duration-ms="6307" status="PASS">
          <reporter-output>
          </reporter-output>
        </test-method> <!-- lanchBrowser -->
        <test-method signature="checkUserRole()[pri:0, instance:testCases.Test_User_Role@1e6a3214]" started-at="2022-07-12T15:39:42 IST" name="checkUserRole" finished-at="2022-07-12T15:39:56 IST" duration-ms="14196" status="PASS">
          <reporter-output>
          </reporter-output>
        </test-method> <!-- checkUserRole -->
        <test-method is-config="true" signature="tearDown()[pri:0, instance:testCases.Test_User_Role@1e6a3214]" started-at="2022-07-12T15:39:56 IST" name="tearDown" finished-at="2022-07-12T15:39:56 IST" duration-ms="369" status="PASS">
          <reporter-output>
          </reporter-output>
        </test-method> <!-- tearDown -->
      </class> <!-- testCases.Test_User_Role -->
    </test> <!-- Check user role test case -->
  </suite> <!-- HRM Test suite -->
</testng-results>
